<?xml version="1.0" encoding="UTF-8"?>
<testsuite xmlns:xsi="http://www.w3.org/2001/XMLSchema-instance" xsi:noNamespaceSchemaLocation="https://maven.apache.org/surefire/maven-surefire-plugin/xsd/surefire-test-report-3.0.xsd" version="3.0" name="edu.nju.seg.isd.sisd.parser.isd.ISDParserTest" time="0.075" tests="4" errors="0" skipped="0" failures="0">
  <properties>
    <property name="socksProxyHost" value="127.0.0.1"/>
    <property name="http.proxyHost" value="127.0.0.1"/>
    <property name="java.specification.version" value="20"/>
    <property name="sun.jnu.encoding" value="UTF-8"/>
    <property name="java.class.path" value="/Users/shiyufei/Desktop/Parcel/target/test-classes:/Users/shiyufei/Desktop/Parcel/target/classes:/Users/shiyufei/.m2/repository/com/jcabi/jcabi-xml/0.25.4/jcabi-xml-0.25.4.jar:/Users/shiyufei/.m2/repository/com/jcabi/jcabi-log/0.22.0/jcabi-log-0.22.0.jar:/Users/shiyufei/.m2/repository/org/slf4j/slf4j-api/2.0.0-beta1/slf4j-api-2.0.0-beta1.jar:/Users/shiyufei/.m2/repository/org/mockito/mockito-core/4.6.1/mockito-core-4.6.1.jar:/Users/shiyufei/.m2/repository/net/bytebuddy/byte-buddy/1.12.10/byte-buddy-1.12.10.jar:/Users/shiyufei/.m2/repository/net/bytebuddy/byte-buddy-agent/1.12.10/byte-buddy-agent-1.12.10.jar:/Users/shiyufei/.m2/repository/org/objenesis/objenesis/3.2/objenesis-3.2.jar:/Users/shiyufei/.m2/repository/org/cactoos/cactoos/0.54.0/cactoos-0.54.0.jar:/Users/shiyufei/.m2/repository/io/vavr/vavr/0.10.4/vavr-0.10.4.jar:/Users/shiyufei/.m2/repository/io/vavr/vavr-match/0.10.4/vavr-match-0.10.4.jar:/Users/shiyufei/.m2/repository/org/jetbrains/annotations/23.0.0/annotations-23.0.0.jar:/Users/shiyufei/.m2/repository/com/github/petitparser/petitparser-core/2.3.1/petitparser-core-2.3.1.jar:/Users/shiyufei/.m2/repository/com/google/code/findbugs/jsr305/3.0.2/jsr305-3.0.2.jar:/Users/shiyufei/.m2/repository/org/junit/jupiter/junit-jupiter-api/5.9.0/junit-jupiter-api-5.9.0.jar:/Users/shiyufei/.m2/repository/org/opentest4j/opentest4j/1.2.0/opentest4j-1.2.0.jar:/Users/shiyufei/.m2/repository/org/junit/platform/junit-platform-commons/1.9.0/junit-platform-commons-1.9.0.jar:/Users/shiyufei/.m2/repository/org/apiguardian/apiguardian-api/1.1.2/apiguardian-api-1.1.2.jar:/Users/shiyufei/.m2/repository/org/sosy-lab/java-smt/4.0.2/java-smt-4.0.2.jar:/Users/shiyufei/.m2/repository/org/sosy-lab/common/0.3000-568-gb81232a9/common-0.3000-568-gb81232a9.jar:/Users/shiyufei/.m2/repository/com/google/guava/guava/32.0.0-jre/guava-32.0.0-jre.jar:/Users/shiyufei/.m2/repository/com/google/guava/failureaccess/1.0.1/failureaccess-1.0.1.jar:/Users/shiyufei/.m2/repository/com/google/guava/listenablefuture/9999.0-empty-to-avoid-conflict-with-guava/listenablefuture-9999.0-empty-to-avoid-conflict-with-guava.jar:/Users/shiyufei/.m2/repository/com/google/errorprone/error_prone_annotations/2.18.0/error_prone_annotations-2.18.0.jar:/Users/shiyufei/.m2/repository/com/google/j2objc/j2objc-annotations/2.8/j2objc-annotations-2.8.jar:/Users/shiyufei/.m2/repository/org/checkerframework/checker-qual/3.35.0/checker-qual-3.35.0.jar:/Users/shiyufei/.m2/repository/com/github/spotbugs/spotbugs-annotations/4.7.3/spotbugs-annotations-4.7.3.jar:/Users/shiyufei/.m2/repository/de/uni-freiburg/informatik/ultimate/smtinterpol/2.5-1242-g5c50fb6d/smtinterpol-2.5-1242-g5c50fb6d.jar:/Users/shiyufei/.m2/repository/io/github/uuverifiers/princess_2.13/2022-11-03/princess_2.13-2022-11-03.jar:/Users/shiyufei/.m2/repository/org/scala-lang/scala-library/2.13.10/scala-library-2.13.10.jar:/Users/shiyufei/.m2/repository/io/github/uuverifiers/princess-parser_2.13/2022-11-03/princess-parser_2.13-2022-11-03.jar:/Users/shiyufei/.m2/repository/io/github/uuverifiers/princess-smt-parser_2.13/2022-11-03/princess-smt-parser_2.13-2022-11-03.jar:/Users/shiyufei/.m2/repository/org/scala-lang/modules/scala-parser-combinators_2.13/1.1.2/scala-parser-combinators_2.13-1.1.2.jar:/Users/shiyufei/.m2/repository/net/sf/squirrel-sql/thirdparty-non-maven/java-cup/0.11a/java-cup-0.11a.jar:/Users/shiyufei/.m2/repository/org/codehaus/mojo/animal-sniffer-annotations/1.18/animal-sniffer-annotations-1.18.jar:/Users/shiyufei/.m2/repository/org/sosy-lab/javasmt-solver-z3/4.12.2/javasmt-solver-z3-4.12.2-com.microsoft.z3.jar:"/>
    <property name="https.proxyPort" value="7890"/>
    <property name="java.vm.vendor" value="Oracle Corporation"/>
    <property name="sun.arch.data.model" value="64"/>
    <property name="java.vendor.url" value="https://java.oracle.com/"/>
    <property name="os.name" value="Mac OS X"/>
    <property name="java.vm.specification.version" value="20"/>
    <property name="sun.java.launcher" value="SUN_STANDARD"/>
    <property name="user.country" value="CN"/>
    <property name="sun.boot.library.path" value="/Users/shiyufei/Library/Java/JavaVirtualMachines/openjdk-20.0.2/Contents/Home/lib"/>
    <property name="sun.java.command" value="/Users/shiyufei/Desktop/Parcel/target/surefire/surefirebooter-20240429153737558_3.jar /Users/shiyufei/Desktop/Parcel/target/surefire 2024-04-29T15-37-33_458-jvmRun1 surefire-20240429153737558_1tmp surefire_0-20240429153737558_2tmp"/>
    <property name="http.nonProxyHosts" value="192.168.0.0/16|*.192.168.0.0/16|10.0.0.0/8|*.10.0.0.0/8|172.16.0.0/12|*.172.16.0.0/12|127.0.0.1|localhost|*.localhost|local|*.local|timestamp.apple.com|*.timestamp.apple.com|sequoia.apple.com|*.sequoia.apple.com|seed-sequoia.siri.apple.com|*.seed-sequoia.siri.apple.com"/>
    <property name="jdk.debug" value="release"/>
    <property name="surefire.test.class.path" value="/Users/shiyufei/Desktop/Parcel/target/test-classes:/Users/shiyufei/Desktop/Parcel/target/classes:/Users/shiyufei/.m2/repository/com/jcabi/jcabi-xml/0.25.4/jcabi-xml-0.25.4.jar:/Users/shiyufei/.m2/repository/com/jcabi/jcabi-log/0.22.0/jcabi-log-0.22.0.jar:/Users/shiyufei/.m2/repository/org/slf4j/slf4j-api/2.0.0-beta1/slf4j-api-2.0.0-beta1.jar:/Users/shiyufei/.m2/repository/org/mockito/mockito-core/4.6.1/mockito-core-4.6.1.jar:/Users/shiyufei/.m2/repository/net/bytebuddy/byte-buddy/1.12.10/byte-buddy-1.12.10.jar:/Users/shiyufei/.m2/repository/net/bytebuddy/byte-buddy-agent/1.12.10/byte-buddy-agent-1.12.10.jar:/Users/shiyufei/.m2/repository/org/objenesis/objenesis/3.2/objenesis-3.2.jar:/Users/shiyufei/.m2/repository/org/cactoos/cactoos/0.54.0/cactoos-0.54.0.jar:/Users/shiyufei/.m2/repository/io/vavr/vavr/0.10.4/vavr-0.10.4.jar:/Users/shiyufei/.m2/repository/io/vavr/vavr-match/0.10.4/vavr-match-0.10.4.jar:/Users/shiyufei/.m2/repository/org/jetbrains/annotations/23.0.0/annotations-23.0.0.jar:/Users/shiyufei/.m2/repository/com/github/petitparser/petitparser-core/2.3.1/petitparser-core-2.3.1.jar:/Users/shiyufei/.m2/repository/com/google/code/findbugs/jsr305/3.0.2/jsr305-3.0.2.jar:/Users/shiyufei/.m2/repository/org/junit/jupiter/junit-jupiter-api/5.9.0/junit-jupiter-api-5.9.0.jar:/Users/shiyufei/.m2/repository/org/opentest4j/opentest4j/1.2.0/opentest4j-1.2.0.jar:/Users/shiyufei/.m2/repository/org/junit/platform/junit-platform-commons/1.9.0/junit-platform-commons-1.9.0.jar:/Users/shiyufei/.m2/repository/org/apiguardian/apiguardian-api/1.1.2/apiguardian-api-1.1.2.jar:/Users/shiyufei/.m2/repository/org/sosy-lab/java-smt/4.0.2/java-smt-4.0.2.jar:/Users/shiyufei/.m2/repository/org/sosy-lab/common/0.3000-568-gb81232a9/common-0.3000-568-gb81232a9.jar:/Users/shiyufei/.m2/repository/com/google/guava/guava/32.0.0-jre/guava-32.0.0-jre.jar:/Users/shiyufei/.m2/repository/com/google/guava/failureaccess/1.0.1/failureaccess-1.0.1.jar:/Users/shiyufei/.m2/repository/com/google/guava/listenablefuture/9999.0-empty-to-avoid-conflict-with-guava/listenablefuture-9999.0-empty-to-avoid-conflict-with-guava.jar:/Users/shiyufei/.m2/repository/com/google/errorprone/error_prone_annotations/2.18.0/error_prone_annotations-2.18.0.jar:/Users/shiyufei/.m2/repository/com/google/j2objc/j2objc-annotations/2.8/j2objc-annotations-2.8.jar:/Users/shiyufei/.m2/repository/org/checkerframework/checker-qual/3.35.0/checker-qual-3.35.0.jar:/Users/shiyufei/.m2/repository/com/github/spotbugs/spotbugs-annotations/4.7.3/spotbugs-annotations-4.7.3.jar:/Users/shiyufei/.m2/repository/de/uni-freiburg/informatik/ultimate/smtinterpol/2.5-1242-g5c50fb6d/smtinterpol-2.5-1242-g5c50fb6d.jar:/Users/shiyufei/.m2/repository/io/github/uuverifiers/princess_2.13/2022-11-03/princess_2.13-2022-11-03.jar:/Users/shiyufei/.m2/repository/org/scala-lang/scala-library/2.13.10/scala-library-2.13.10.jar:/Users/shiyufei/.m2/repository/io/github/uuverifiers/princess-parser_2.13/2022-11-03/princess-parser_2.13-2022-11-03.jar:/Users/shiyufei/.m2/repository/io/github/uuverifiers/princess-smt-parser_2.13/2022-11-03/princess-smt-parser_2.13-2022-11-03.jar:/Users/shiyufei/.m2/repository/org/scala-lang/modules/scala-parser-combinators_2.13/1.1.2/scala-parser-combinators_2.13-1.1.2.jar:/Users/shiyufei/.m2/repository/net/sf/squirrel-sql/thirdparty-non-maven/java-cup/0.11a/java-cup-0.11a.jar:/Users/shiyufei/.m2/repository/org/codehaus/mojo/animal-sniffer-annotations/1.18/animal-sniffer-annotations-1.18.jar:/Users/shiyufei/.m2/repository/org/sosy-lab/javasmt-solver-z3/4.12.2/javasmt-solver-z3-4.12.2-com.microsoft.z3.jar:"/>
    <property name="sun.cpu.endian" value="little"/>
    <property name="user.home" value="/Users/shiyufei"/>
    <property name="user.language" value="zh"/>
    <property name="java.specification.vendor" value="Oracle Corporation"/>
    <property name="java.version.date" value="2023-07-18"/>
    <property name="java.home" value="/Users/shiyufei/Library/Java/JavaVirtualMachines/openjdk-20.0.2/Contents/Home"/>
    <property name="file.separator" value="/"/>
    <property name="https.proxyHost" value="127.0.0.1"/>
    <property name="basedir" value="/Users/shiyufei/Desktop/Parcel"/>
    <property name="java.vm.compressedOopsMode" value="Zero based"/>
    <property name="line.separator" value="&#10;"/>
    <property name="java.vm.specification.vendor" value="Oracle Corporation"/>
    <property name="java.specification.name" value="Java Platform API Specification"/>
    <property name="apple.awt.application.name" value="ForkedBooter"/>
    <property name="surefire.real.class.path" value="/Users/shiyufei/Desktop/Parcel/target/surefire/surefirebooter-20240429153737558_3.jar"/>
    <property name="user.script" value="Hans"/>
    <property name="sun.management.compiler" value="HotSpot 64-Bit Tiered Compilers"/>
    <property name="ftp.nonProxyHosts" value="192.168.0.0/16|*.192.168.0.0/16|10.0.0.0/8|*.10.0.0.0/8|172.16.0.0/12|*.172.16.0.0/12|127.0.0.1|localhost|*.localhost|local|*.local|timestamp.apple.com|*.timestamp.apple.com|sequoia.apple.com|*.sequoia.apple.com|seed-sequoia.siri.apple.com|*.seed-sequoia.siri.apple.com"/>
    <property name="java.runtime.version" value="20.0.2+9-78"/>
    <property name="user.name" value="shiyufei"/>
    <property name="stdout.encoding" value="UTF-8"/>
    <property name="path.separator" value=":"/>
    <property name="os.version" value="11.4"/>
    <property name="java.runtime.name" value="OpenJDK Runtime Environment"/>
    <property name="file.encoding" value="UTF-8"/>
    <property name="java.vm.name" value="OpenJDK 64-Bit Server VM"/>
    <property name="localRepository" value="/Users/shiyufei/.m2/repository"/>
    <property name="java.vendor.url.bug" value="https://bugreport.java.com/bugreport/"/>
    <property name="java.io.tmpdir" value="/var/folders/w9/24mryzh51cd_m35tpnngbhtw0000gn/T/"/>
    <property name="java.version" value="20.0.2"/>
    <property name="user.dir" value="/Users/shiyufei/Desktop/Parcel"/>
    <property name="os.arch" value="x86_64"/>
    <property name="socksProxyPort" value="7890"/>
    <property name="java.vm.specification.name" value="Java Virtual Machine Specification"/>
    <property name="native.encoding" value="UTF-8"/>
    <property name="java.library.path" value="/Users/shiyufei/Desktop/Parcel/target/dependency"/>
    <property name="java.vm.info" value="mixed mode, sharing"/>
    <property name="stderr.encoding" value="UTF-8"/>
    <property name="java.vendor" value="Oracle Corporation"/>
    <property name="java.vm.version" value="20.0.2+9-78"/>
    <property name="sun.io.unicode.encoding" value="UnicodeBig"/>
    <property name="socksNonProxyHosts" value="192.168.0.0/16|*.192.168.0.0/16|10.0.0.0/8|*.10.0.0.0/8|172.16.0.0/12|*.172.16.0.0/12|127.0.0.1|localhost|*.localhost|local|*.local|timestamp.apple.com|*.timestamp.apple.com|sequoia.apple.com|*.sequoia.apple.com|seed-sequoia.siri.apple.com|*.seed-sequoia.siri.apple.com"/>
    <property name="java.class.version" value="64.0"/>
    <property name="http.proxyPort" value="7890"/>
  </properties>
  <testcase name="parse_item_test_1" classname="edu.nju.seg.isd.sisd.parser.isd.ISDParserTest" time="0.048"/>
  <testcase name="parse_item_test_2" classname="edu.nju.seg.isd.sisd.parser.isd.ISDParserTest" time="0.002"/>
  <testcase name="parse_item_test_3" classname="edu.nju.seg.isd.sisd.parser.isd.ISDParserTest" time="0.009"/>
  <testcase name="parse_item_test_4" classname="edu.nju.seg.isd.sisd.parser.isd.ISDParserTest" time="0.002"/>
</testsuite>